{"/home/rkritchat/Desktop/node_js/validator/validator.js": {"path":"/home/rkritchat/Desktop/node_js/validator/validator.js","statementMap":{"0":{"start":{"line":1,"column":10},"end":{"line":1,"column":31}},"1":{"start":{"line":2,"column":19},"end":{"line":2,"column":49}},"2":{"start":{"line":3,"column":15},"end":{"line":3,"column":32}},"3":{"start":{"line":7,"column":4},"end":{"line":9,"column":5}},"4":{"start":{"line":8,"column":6},"end":{"line":8,"column":35}},"5":{"start":{"line":10,"column":4},"end":{"line":10,"column":18}},"6":{"start":{"line":11,"column":4},"end":{"line":11,"column":25}},"7":{"start":{"line":12,"column":4},"end":{"line":12,"column":22}},"8":{"start":{"line":13,"column":4},"end":{"line":13,"column":27}},"9":{"start":{"line":14,"column":4},"end":{"line":14,"column":26}},"10":{"start":{"line":15,"column":4},"end":{"line":15,"column":22}},"11":{"start":{"line":16,"column":4},"end":{"line":16,"column":26}},"12":{"start":{"line":17,"column":4},"end":{"line":17,"column":28}},"13":{"start":{"line":21,"column":4},"end":{"line":21,"column":23}},"14":{"start":{"line":22,"column":4},"end":{"line":22,"column":15}},"15":{"start":{"line":26,"column":4},"end":{"line":26,"column":30}},"16":{"start":{"line":27,"column":4},"end":{"line":27,"column":15}},"17":{"start":{"line":31,"column":4},"end":{"line":31,"column":27}},"18":{"start":{"line":32,"column":4},"end":{"line":32,"column":15}},"19":{"start":{"line":36,"column":4},"end":{"line":36,"column":25}},"20":{"start":{"line":37,"column":4},"end":{"line":37,"column":15}},"21":{"start":{"line":42,"column":4},"end":{"line":42,"column":27}},"22":{"start":{"line":43,"column":4},"end":{"line":43,"column":15}},"23":{"start":{"line":47,"column":4},"end":{"line":47,"column":22}},"24":{"start":{"line":48,"column":4},"end":{"line":48,"column":28}},"25":{"start":{"line":49,"column":4},"end":{"line":49,"column":15}},"26":{"start":{"line":53,"column":4},"end":{"line":53,"column":26}},"27":{"start":{"line":54,"column":4},"end":{"line":54,"column":28}},"28":{"start":{"line":55,"column":4},"end":{"line":55,"column":30}},"29":{"start":{"line":56,"column":4},"end":{"line":56,"column":26}},"30":{"start":{"line":57,"column":4},"end":{"line":57,"column":23}},"31":{"start":{"line":58,"column":4},"end":{"line":58,"column":28}},"32":{"start":{"line":63,"column":4},"end":{"line":66,"column":5}},"33":{"start":{"line":64,"column":6},"end":{"line":64,"column":30}},"34":{"start":{"line":65,"column":6},"end":{"line":65,"column":60}},"35":{"start":{"line":70,"column":4},"end":{"line":72,"column":5}},"36":{"start":{"line":71,"column":6},"end":{"line":71,"column":79}},"37":{"start":{"line":77,"column":4},"end":{"line":83,"column":5}},"38":{"start":{"line":78,"column":21},"end":{"line":78,"column":100}},"39":{"start":{"line":78,"column":52},"end":{"line":78,"column":98}},"40":{"start":{"line":79,"column":6},"end":{"line":82,"column":7}},"41":{"start":{"line":80,"column":8},"end":{"line":80,"column":28}},"42":{"start":{"line":81,"column":8},"end":{"line":81,"column":65}},"43":{"start":{"line":87,"column":4},"end":{"line":91,"column":5}},"44":{"start":{"line":88,"column":6},"end":{"line":90,"column":7}},"45":{"start":{"line":89,"column":8},"end":{"line":89,"column":65}},"46":{"start":{"line":95,"column":4},"end":{"line":104,"column":5}},"47":{"start":{"line":96,"column":6},"end":{"line":98,"column":7}},"48":{"start":{"line":97,"column":8},"end":{"line":97,"column":62}},"49":{"start":{"line":100,"column":22},"end":{"line":100,"column":73}},"50":{"start":{"line":101,"column":6},"end":{"line":103,"column":7}},"51":{"start":{"line":102,"column":8},"end":{"line":102,"column":73}},"52":{"start":{"line":108,"column":4},"end":{"line":117,"column":5}},"53":{"start":{"line":109,"column":21},"end":{"line":109,"column":41}},"54":{"start":{"line":110,"column":18},"end":{"line":110,"column":28}},"55":{"start":{"line":111,"column":6},"end":{"line":111,"column":25}},"56":{"start":{"line":112,"column":6},"end":{"line":112,"column":22}},"57":{"start":{"line":114,"column":6},"end":{"line":116,"column":7}},"58":{"start":{"line":115,"column":8},"end":{"line":115,"column":68}},"59":{"start":{"line":124,"column":4},"end":{"line":124,"column":35}},"60":{"start":{"line":128,"column":4},"end":{"line":128,"column":40}},"61":{"start":{"line":132,"column":4},"end":{"line":132,"column":29}},"62":{"start":{"line":137,"column":0},"end":{"line":137,"column":26}}},"fnMap":{"0":{"name":"(anonymous_0)","decl":{"start":{"line":6,"column":2},"end":{"line":6,"column":3}},"loc":{"start":{"line":6,"column":26},"end":{"line":18,"column":3}},"line":6},"1":{"name":"(anonymous_1)","decl":{"start":{"line":20,"column":2},"end":{"line":20,"column":3}},"loc":{"start":{"line":20,"column":12},"end":{"line":23,"column":3}},"line":20},"2":{"name":"(anonymous_2)","decl":{"start":{"line":25,"column":2},"end":{"line":25,"column":3}},"loc":{"start":{"line":25,"column":20},"end":{"line":28,"column":3}},"line":25},"3":{"name":"(anonymous_3)","decl":{"start":{"line":30,"column":2},"end":{"line":30,"column":3}},"loc":{"start":{"line":30,"column":11},"end":{"line":33,"column":3}},"line":30},"4":{"name":"(anonymous_4)","decl":{"start":{"line":35,"column":2},"end":{"line":35,"column":3}},"loc":{"start":{"line":35,"column":12},"end":{"line":38,"column":3}},"line":35},"5":{"name":"(anonymous_5)","decl":{"start":{"line":41,"column":2},"end":{"line":41,"column":3}},"loc":{"start":{"line":41,"column":10},"end":{"line":44,"column":3}},"line":41},"6":{"name":"(anonymous_6)","decl":{"start":{"line":46,"column":2},"end":{"line":46,"column":3}},"loc":{"start":{"line":46,"column":18},"end":{"line":50,"column":3}},"line":46},"7":{"name":"(anonymous_7)","decl":{"start":{"line":52,"column":2},"end":{"line":52,"column":3}},"loc":{"start":{"line":52,"column":13},"end":{"line":59,"column":3}},"line":52},"8":{"name":"(anonymous_8)","decl":{"start":{"line":62,"column":2},"end":{"line":62,"column":3}},"loc":{"start":{"line":62,"column":19},"end":{"line":67,"column":3}},"line":62},"9":{"name":"(anonymous_9)","decl":{"start":{"line":69,"column":2},"end":{"line":69,"column":3}},"loc":{"start":{"line":69,"column":21},"end":{"line":73,"column":3}},"line":69},"10":{"name":"(anonymous_10)","decl":{"start":{"line":76,"column":2},"end":{"line":76,"column":3}},"loc":{"start":{"line":76,"column":23},"end":{"line":84,"column":3}},"line":76},"11":{"name":"(anonymous_11)","decl":{"start":{"line":78,"column":46},"end":{"line":78,"column":47}},"loc":{"start":{"line":78,"column":51},"end":{"line":78,"column":99}},"line":78},"12":{"name":"(anonymous_12)","decl":{"start":{"line":86,"column":2},"end":{"line":86,"column":3}},"loc":{"start":{"line":86,"column":19},"end":{"line":92,"column":3}},"line":86},"13":{"name":"(anonymous_13)","decl":{"start":{"line":94,"column":2},"end":{"line":94,"column":3}},"loc":{"start":{"line":94,"column":16},"end":{"line":105,"column":3}},"line":94},"14":{"name":"(anonymous_14)","decl":{"start":{"line":107,"column":2},"end":{"line":107,"column":3}},"loc":{"start":{"line":107,"column":21},"end":{"line":118,"column":3}},"line":107},"15":{"name":"(anonymous_15)","decl":{"start":{"line":123,"column":2},"end":{"line":123,"column":3}},"loc":{"start":{"line":123,"column":26},"end":{"line":125,"column":3}},"line":123},"16":{"name":"(anonymous_16)","decl":{"start":{"line":127,"column":2},"end":{"line":127,"column":3}},"loc":{"start":{"line":127,"column":29},"end":{"line":129,"column":3}},"line":127},"17":{"name":"(anonymous_17)","decl":{"start":{"line":131,"column":2},"end":{"line":131,"column":3}},"loc":{"start":{"line":131,"column":11},"end":{"line":133,"column":3}},"line":131}},"branchMap":{"0":{"loc":{"start":{"line":7,"column":4},"end":{"line":9,"column":5}},"type":"if","locations":[{"start":{"line":7,"column":4},"end":{"line":9,"column":5}},{"start":{"line":7,"column":4},"end":{"line":9,"column":5}}],"line":7},"1":{"loc":{"start":{"line":7,"column":7},"end":{"line":7,"column":45}},"type":"binary-expr","locations":[{"start":{"line":7,"column":7},"end":{"line":7,"column":28}},{"start":{"line":7,"column":32},"end":{"line":7,"column":45}}],"line":7},"2":{"loc":{"start":{"line":63,"column":4},"end":{"line":66,"column":5}},"type":"if","locations":[{"start":{"line":63,"column":4},"end":{"line":66,"column":5}},{"start":{"line":63,"column":4},"end":{"line":66,"column":5}}],"line":63},"3":{"loc":{"start":{"line":63,"column":8},"end":{"line":63,"column":64}},"type":"binary-expr","locations":[{"start":{"line":63,"column":8},"end":{"line":63,"column":39}},{"start":{"line":63,"column":43},"end":{"line":63,"column":64}}],"line":63},"4":{"loc":{"start":{"line":70,"column":4},"end":{"line":72,"column":5}},"type":"if","locations":[{"start":{"line":70,"column":4},"end":{"line":72,"column":5}},{"start":{"line":70,"column":4},"end":{"line":72,"column":5}}],"line":70},"5":{"loc":{"start":{"line":70,"column":8},"end":{"line":70,"column":81}},"type":"binary-expr","locations":[{"start":{"line":70,"column":8},"end":{"line":70,"column":43}},{"start":{"line":70,"column":47},"end":{"line":70,"column":81}}],"line":70},"6":{"loc":{"start":{"line":77,"column":4},"end":{"line":83,"column":5}},"type":"if","locations":[{"start":{"line":77,"column":4},"end":{"line":83,"column":5}},{"start":{"line":77,"column":4},"end":{"line":83,"column":5}}],"line":77},"7":{"loc":{"start":{"line":79,"column":6},"end":{"line":82,"column":7}},"type":"if","locations":[{"start":{"line":79,"column":6},"end":{"line":82,"column":7}},{"start":{"line":79,"column":6},"end":{"line":82,"column":7}}],"line":79},"8":{"loc":{"start":{"line":87,"column":4},"end":{"line":91,"column":5}},"type":"if","locations":[{"start":{"line":87,"column":4},"end":{"line":91,"column":5}},{"start":{"line":87,"column":4},"end":{"line":91,"column":5}}],"line":87},"9":{"loc":{"start":{"line":88,"column":6},"end":{"line":90,"column":7}},"type":"if","locations":[{"start":{"line":88,"column":6},"end":{"line":90,"column":7}},{"start":{"line":88,"column":6},"end":{"line":90,"column":7}}],"line":88},"10":{"loc":{"start":{"line":95,"column":4},"end":{"line":104,"column":5}},"type":"if","locations":[{"start":{"line":95,"column":4},"end":{"line":104,"column":5}},{"start":{"line":95,"column":4},"end":{"line":104,"column":5}}],"line":95},"11":{"loc":{"start":{"line":96,"column":6},"end":{"line":98,"column":7}},"type":"if","locations":[{"start":{"line":96,"column":6},"end":{"line":98,"column":7}},{"start":{"line":96,"column":6},"end":{"line":98,"column":7}}],"line":96},"12":{"loc":{"start":{"line":96,"column":9},"end":{"line":96,"column":79}},"type":"binary-expr","locations":[{"start":{"line":96,"column":9},"end":{"line":96,"column":48}},{"start":{"line":96,"column":52},"end":{"line":96,"column":79}}],"line":96},"13":{"loc":{"start":{"line":101,"column":6},"end":{"line":103,"column":7}},"type":"if","locations":[{"start":{"line":101,"column":6},"end":{"line":103,"column":7}},{"start":{"line":101,"column":6},"end":{"line":103,"column":7}}],"line":101},"14":{"loc":{"start":{"line":108,"column":4},"end":{"line":117,"column":5}},"type":"if","locations":[{"start":{"line":108,"column":4},"end":{"line":117,"column":5}},{"start":{"line":108,"column":4},"end":{"line":117,"column":5}}],"line":108},"15":{"loc":{"start":{"line":108,"column":7},"end":{"line":108,"column":64}},"type":"binary-expr","locations":[{"start":{"line":108,"column":7},"end":{"line":108,"column":31}},{"start":{"line":108,"column":35},"end":{"line":108,"column":64}}],"line":108},"16":{"loc":{"start":{"line":114,"column":6},"end":{"line":116,"column":7}},"type":"if","locations":[{"start":{"line":114,"column":6},"end":{"line":116,"column":7}},{"start":{"line":114,"column":6},"end":{"line":116,"column":7}}],"line":114},"17":{"loc":{"start":{"line":114,"column":9},"end":{"line":114,"column":126}},"type":"binary-expr","locations":[{"start":{"line":114,"column":9},"end":{"line":114,"column":42}},{"start":{"line":114,"column":46},"end":{"line":114,"column":81}},{"start":{"line":114,"column":85},"end":{"line":114,"column":126}}],"line":114}},"s":{"0":1,"1":1,"2":1,"3":9,"4":9,"5":9,"6":9,"7":9,"8":9,"9":9,"10":9,"11":9,"12":9,"13":1,"14":1,"15":1,"16":1,"17":3,"18":3,"19":2,"20":2,"21":1,"22":1,"23":2,"24":2,"25":2,"26":9,"27":9,"28":9,"29":9,"30":9,"31":9,"32":9,"33":0,"34":0,"35":9,"36":0,"37":9,"38":3,"39":3,"40":3,"41":0,"42":0,"43":9,"44":2,"45":0,"46":9,"47":2,"48":0,"49":2,"50":2,"51":0,"52":9,"53":1,"54":1,"55":1,"56":1,"57":1,"58":0,"59":12,"60":9,"61":38,"62":1},"f":{"0":9,"1":1,"2":1,"3":3,"4":2,"5":1,"6":2,"7":9,"8":9,"9":9,"10":9,"11":3,"12":9,"13":9,"14":9,"15":12,"16":9,"17":38},"b":{"0":[9,0],"1":[9,9],"2":[0,9],"3":[9,1],"4":[0,9],"5":[9,1],"6":[3,6],"7":[0,3],"8":[2,7],"9":[0,2],"10":[2,7],"11":[0,2],"12":[2,2],"13":[0,2],"14":[1,8],"15":[9,2],"16":[0,1],"17":[1,1,1]},"_coverageSchema":"43e27e138ebf9cfc5966b082cf9a028302ed4184","hash":"8e81160a19780131e2919d795929fa75b6e9bdde"}
,"/home/rkritchat/Desktop/node_js/validator/common/BException.js": {"path":"/home/rkritchat/Desktop/node_js/validator/common/BException.js","statementMap":{"0":{"start":{"line":3,"column":6},"end":{"line":3,"column":20}},"1":{"start":{"line":4,"column":6},"end":{"line":4,"column":26}},"2":{"start":{"line":8,"column":2},"end":{"line":8,"column":29}}},"fnMap":{"0":{"name":"(anonymous_0)","decl":{"start":{"line":2,"column":4},"end":{"line":2,"column":5}},"loc":{"start":{"line":2,"column":33},"end":{"line":5,"column":5}},"line":2}},"branchMap":{},"s":{"0":0,"1":0,"2":1},"f":{"0":0},"b":{},"_coverageSchema":"43e27e138ebf9cfc5966b082cf9a028302ed4184","hash":"f457344c3f7d48290ca943d54906cd78a3c2add9"}
}
