TN:
SF:/home/rkritchat/Desktop/node_js/validator/validator.js
FN:6,(anonymous_0)
FN:20,(anonymous_1)
FN:25,(anonymous_2)
FN:30,(anonymous_3)
FN:35,(anonymous_4)
FN:41,(anonymous_5)
FN:46,(anonymous_6)
FN:52,(anonymous_7)
FN:62,(anonymous_8)
FN:69,(anonymous_9)
FN:76,(anonymous_10)
FN:78,(anonymous_11)
FN:86,(anonymous_12)
FN:94,(anonymous_13)
FN:107,(anonymous_14)
FN:123,(anonymous_15)
FN:127,(anonymous_16)
FN:131,(anonymous_17)
FNF:18
FNH:18
FNDA:9,(anonymous_0)
FNDA:1,(anonymous_1)
FNDA:1,(anonymous_2)
FNDA:3,(anonymous_3)
FNDA:2,(anonymous_4)
FNDA:1,(anonymous_5)
FNDA:2,(anonymous_6)
FNDA:9,(anonymous_7)
FNDA:9,(anonymous_8)
FNDA:9,(anonymous_9)
FNDA:9,(anonymous_10)
FNDA:3,(anonymous_11)
FNDA:9,(anonymous_12)
FNDA:9,(anonymous_13)
FNDA:9,(anonymous_14)
FNDA:12,(anonymous_15)
FNDA:9,(anonymous_16)
FNDA:38,(anonymous_17)
DA:1,1
DA:2,1
DA:3,1
DA:7,9
DA:8,9
DA:10,9
DA:11,9
DA:12,9
DA:13,9
DA:14,9
DA:15,9
DA:16,9
DA:17,9
DA:21,1
DA:22,1
DA:26,1
DA:27,1
DA:31,3
DA:32,3
DA:36,2
DA:37,2
DA:42,1
DA:43,1
DA:47,2
DA:48,2
DA:49,2
DA:53,9
DA:54,9
DA:55,9
DA:56,9
DA:57,9
DA:58,9
DA:63,9
DA:64,0
DA:65,0
DA:70,9
DA:71,0
DA:77,9
DA:78,3
DA:79,3
DA:80,0
DA:81,0
DA:87,9
DA:88,2
DA:89,0
DA:95,9
DA:96,2
DA:97,0
DA:100,2
DA:101,2
DA:102,0
DA:108,9
DA:109,1
DA:110,1
DA:111,1
DA:112,1
DA:114,1
DA:115,0
DA:124,12
DA:128,9
DA:132,38
DA:137,1
LF:62
LH:53
BRDA:7,0,0,9
BRDA:7,0,1,0
BRDA:7,1,0,9
BRDA:7,1,1,9
BRDA:63,2,0,0
BRDA:63,2,1,9
BRDA:63,3,0,9
BRDA:63,3,1,1
BRDA:70,4,0,0
BRDA:70,4,1,9
BRDA:70,5,0,9
BRDA:70,5,1,1
BRDA:77,6,0,3
BRDA:77,6,1,6
BRDA:79,7,0,0
BRDA:79,7,1,3
BRDA:87,8,0,2
BRDA:87,8,1,7
BRDA:88,9,0,0
BRDA:88,9,1,2
BRDA:95,10,0,2
BRDA:95,10,1,7
BRDA:96,11,0,0
BRDA:96,11,1,2
BRDA:96,12,0,2
BRDA:96,12,1,2
BRDA:101,13,0,0
BRDA:101,13,1,2
BRDA:108,14,0,1
BRDA:108,14,1,8
BRDA:108,15,0,9
BRDA:108,15,1,2
BRDA:114,16,0,0
BRDA:114,16,1,1
BRDA:114,17,0,1
BRDA:114,17,1,1
BRDA:114,17,2,1
BRF:37
BRH:29
end_of_record
TN:
SF:/home/rkritchat/Desktop/node_js/validator/common/BException.js
FN:2,(anonymous_0)
FNF:1
FNH:0
FNDA:0,(anonymous_0)
DA:3,0
DA:4,0
DA:8,1
LF:3
LH:1
BRF:0
BRH:0
end_of_record
